2026-02-04 16:33:43,790 - INFO - Starting scheduler with 0h 2m (2 minutes) interval
2026-02-04 16:36:43,795 - INFO - Starting scheduled health check...
2026-02-04 16:36:47,292 - INFO - Found 2 records to check
2026-02-04 16:36:50,872 - INFO - Record 10: GET https://rss-feed-backend-e6gvd8bnfugscucb.canadacentral-01.azurewebsites.net/rss-updates - Status: 200, Time: 3553ms
2026-02-04 16:36:53,110 - ERROR - Record 10: Unexpected error - Object of type Response is not JSON serializable
2026-02-04 16:36:57,735 - INFO - Record 9: GET https://www.googleapis.com/customsearch/v1 - Status: 200, Time: 1744ms
2026-02-04 16:36:59,890 - ERROR - Record 9: Unexpected error - cannot access local variable 'id' where it is not associated with a value
2026-02-04 16:37:02,740 - INFO - Health check completed: 0/0 successful
2026-02-04 16:39:02,741 - INFO - Starting scheduled health check...
2026-02-04 16:39:05,809 - INFO - Found 2 records to check
2026-02-04 16:39:09,417 - INFO - Record 10: GET https://rss-feed-backend-e6gvd8bnfugscucb.canadacentral-01.azurewebsites.net/rss-updates - Status: 200, Time: 3606ms
2026-02-04 16:39:12,597 - ERROR - Record 10: Unexpected error - Object of type Response is not JSON serializable
2026-02-04 16:39:17,510 - INFO - Record 9: GET https://www.googleapis.com/customsearch/v1 - Status: 200, Time: 2210ms
2026-02-04 16:39:19,660 - ERROR - Record 9: Unexpected error - cannot access local variable 'id' where it is not associated with a value
2026-02-04 16:39:22,422 - INFO - Health check completed: 0/0 successful
2026-02-05 11:26:25,099 - INFO - Starting scheduler with 0h 2m (2 minutes) interval
2026-02-05 11:28:25,109 - INFO - Starting scheduled health check...
2026-02-05 11:28:28,643 - INFO - Found 2 records to check
2026-02-05 11:28:30,386 - INFO - Record 12: GET https://www.googleapis.com/customsearch/v1 - Status: 200, Time: 1741ms
2026-02-05 11:28:30,386 - ERROR - Record 12: Unexpected error - list_mappings() takes 0 positional arguments but 1 was given
2026-02-05 11:28:36,311 - INFO - Record 11: GET https://rss-feed-backend-e6gvd8bnfugscucb.canadacentral-01.azurewebsites.net/rss-updates - Status: 200, Time: 2957ms
2026-02-05 11:28:36,311 - ERROR - Record 11: Unexpected error - list_mappings() takes 0 positional arguments but 1 was given
2026-02-05 11:28:39,187 - INFO - Health check completed: 0/0 successful
2026-02-05 11:41:44,517 - INFO - Starting scheduler with 0h 2m (2 minutes) interval
2026-02-05 11:41:44,520 - INFO - Starting scheduled health check...
2026-02-05 11:41:48,436 - INFO - Found 2 records to check
2026-02-05 11:41:50,180 - INFO - Record 12: GET https://www.googleapis.com/customsearch/v1 - Status: 200, Time: 1742ms
2026-02-05 11:41:52,229 - ERROR - Record 12: Unexpected error - Object of type Response is not JSON serializable
2026-02-05 11:41:57,805 - INFO - Record 11: GET https://rss-feed-backend-e6gvd8bnfugscucb.canadacentral-01.azurewebsites.net/rss-updates - Status: 200, Time: 2399ms
2026-02-05 11:41:59,788 - ERROR - Record 11: Unexpected error - Object of type Response is not JSON serializable
2026-02-05 11:42:02,772 - INFO - Health check completed: 0/0 successful
2026-02-05 11:44:02,781 - INFO - Starting scheduled health check...
2026-02-05 11:44:06,173 - INFO - Found 2 records to check
2026-02-05 11:44:07,916 - INFO - Record 12: GET https://www.googleapis.com/customsearch/v1 - Status: 200, Time: 1743ms
2026-02-05 11:44:10,168 - ERROR - Record 12: Unexpected error - Object of type Response is not JSON serializable
2026-02-05 11:44:15,303 - INFO - Record 11: GET https://rss-feed-backend-e6gvd8bnfugscucb.canadacentral-01.azurewebsites.net/rss-updates - Status: 200, Time: 2267ms
2026-02-05 11:44:17,349 - ERROR - Record 11: Unexpected error - Object of type Response is not JSON serializable
2026-02-05 11:44:20,609 - INFO - Health check completed: 0/0 successful
2026-02-05 11:44:30,459 - INFO - Starting scheduler with 0h 2m (2 minutes) interval
2026-02-05 11:44:30,459 - INFO - Starting scheduled health check...
2026-02-05 11:44:33,620 - INFO - Found 2 records to check
2026-02-05 11:44:35,592 - INFO - Record 12: GET https://www.googleapis.com/customsearch/v1 - Status: 200, Time: 1972ms
2026-02-05 11:44:44,794 - INFO - Record 11: GET https://rss-feed-backend-e6gvd8bnfugscucb.canadacentral-01.azurewebsites.net/rss-updates - Status: 200, Time: 2182ms
2026-02-05 11:44:51,641 - INFO - Health check completed: 2/0 successful
2026-02-05 11:46:51,649 - INFO - Starting scheduled health check...
2026-02-05 11:46:55,049 - INFO - Found 2 records to check
2026-02-05 11:46:57,057 - INFO - Record 12: GET https://www.googleapis.com/customsearch/v1 - Status: 200, Time: 2007ms
2026-02-05 11:47:06,098 - INFO - Record 11: GET https://rss-feed-backend-e6gvd8bnfugscucb.canadacentral-01.azurewebsites.net/rss-updates - Status: 200, Time: 2273ms
2026-02-05 11:47:13,061 - INFO - Health check completed: 2/0 successful
2026-02-05 14:34:22,530 - INFO - Starting scheduler with 0h 2m (2 minutes) interval
2026-02-05 14:34:22,530 - INFO - Starting scheduled health check...
2026-02-05 14:34:25,640 - INFO - Found 2 records to check
2026-02-05 14:34:37,030 - INFO - Record 15: GET https://rss-feed-backend-e6gvd8bnfugscucb.canadacentral-01.azurewebsites.net/rss-updates - Status: 200, Time: 11390ms
2026-02-05 14:34:42,586 - INFO - Record 12: GET https://www.googleapis.com/customsearch/v1 - Status: 200, Time: 1201ms
2026-02-05 14:34:47,012 - INFO - Health check completed: 2/0 successful
2026-02-05 14:36:47,007 - INFO - Starting scheduled health check...
2026-02-05 14:36:49,897 - INFO - Found 2 records to check
2026-02-05 14:36:52,110 - INFO - Record 15: GET https://rss-feed-backend-e6gvd8bnfugscucb.canadacentral-01.azurewebsites.net/rss-updates - Status: 200, Time: 2213ms
2026-02-05 14:36:57,650 - INFO - Record 12: GET https://www.googleapis.com/customsearch/v1 - Status: 200, Time: 1165ms
2026-02-09 11:28:56,766 - INFO - Starting scheduler with 0h 2m (2 minutes) interval
2026-02-09 11:28:56,766 - INFO - Starting scheduled health check...
2026-02-09 11:28:59,838 - INFO - Found 1 records to check
2026-02-09 11:29:11,711 - INFO - Record 22: GET https://rss-feed-backend-e6gvd8bnfugscucb.canadacentral-01.azurewebsites.net/rss-updates - Status: 200, Time: 11873ms
2026-02-09 11:29:16,877 - INFO - Health check completed: 1/0 successful
2026-02-09 11:57:42,091 - INFO - Starting scheduler with 0h 2m (2 minutes) interval
2026-02-09 11:57:42,091 - INFO - Starting scheduled health check...
2026-02-09 11:57:45,641 - INFO - Found 1 records to check
2026-02-09 11:57:47,544 - INFO - Record 22: GET https://rss-feed-backend-e6gvd8bnfugscucb.canadacentral-01.azurewebsites.net/rss-updates - Status: 200, Time: 1899ms
2026-02-09 11:57:51,909 - INFO - Health check completed: 1/0 successful
2026-02-09 11:59:47,984 - INFO - Starting scheduler with 0h 2m (2 minutes) interval
2026-02-09 11:59:47,984 - INFO - Starting scheduled health check...
2026-02-09 11:59:51,077 - INFO - Found 1 records to check
2026-02-09 11:59:52,711 - INFO - Record 22: GET https://rss-feed-backend-e6gvd8bnfugscucb.canadacentral-01.azurewebsites.net/rss-updates - Status: 200, Time: 1632ms
2026-02-09 11:59:56,784 - INFO - Health check completed: 1/0 successful
2026-02-09 12:01:15,402 - INFO - Starting scheduler with 0h 2m (2 minutes) interval
2026-02-09 12:01:15,402 - INFO - Starting scheduled health check...
2026-02-09 12:01:18,476 - INFO - Found 1 records to check
2026-02-09 12:01:20,214 - INFO - Record 22: GET https://rss-feed-backend-e6gvd8bnfugscucb.canadacentral-01.azurewebsites.net/rss-updates - Status: 200, Time: 1736ms
2026-02-09 12:01:24,589 - INFO - Health check completed: 1/0 successful
2026-02-09 12:03:14,940 - INFO - Starting scheduler with 0h 2m (2 minutes) interval
2026-02-09 12:03:14,940 - INFO - Starting scheduled health check...
2026-02-09 12:03:18,040 - INFO - Found 1 records to check
2026-02-09 12:03:20,304 - INFO - Record 22: GET https://rss-feed-backend-e6gvd8bnfugscucb.canadacentral-01.azurewebsites.net/rss-updates - Status: 200, Time: 2263ms
2026-02-09 12:03:24,430 - INFO - Health check completed: 1/0 successful
2026-02-09 12:05:24,441 - INFO - Starting scheduled health check...
2026-02-09 12:05:27,341 - INFO - Found 1 records to check
2026-02-09 12:05:29,738 - INFO - Record 22: GET https://rss-feed-backend-e6gvd8bnfugscucb.canadacentral-01.azurewebsites.net/rss-updates - Status: 200, Time: 2397ms
2026-02-09 12:05:34,604 - INFO - Health check completed: 1/0 successful
2026-02-09 12:07:19,295 - INFO - Starting scheduler with 0h 2m (2 minutes) interval
2026-02-09 12:07:19,295 - INFO - Starting scheduled health check...
2026-02-09 12:07:22,325 - INFO - Found 1 records to check
2026-02-09 12:07:23,966 - INFO - Record 22: GET https://rss-feed-backend-e6gvd8bnfugscucb.canadacentral-01.azurewebsites.net/rss-updates - Status: 200, Time: 1641ms
2026-02-09 12:07:28,365 - INFO - Health check completed: 1/0 successful
2026-02-09 12:09:28,366 - INFO - Starting scheduled health check...
2026-02-09 12:09:31,167 - INFO - Found 1 records to check
2026-02-09 12:09:33,519 - INFO - Record 22: GET https://rss-feed-backend-e6gvd8bnfugscucb.canadacentral-01.azurewebsites.net/rss-updates - Status: 200, Time: 2351ms
2026-02-09 12:09:38,375 - INFO - Health check completed: 1/0 successful
2026-02-09 12:11:38,376 - INFO - Starting scheduled health check...
2026-02-09 12:11:41,316 - INFO - Found 1 records to check
2026-02-09 12:11:43,786 - INFO - Record 22: GET https://rss-feed-backend-e6gvd8bnfugscucb.canadacentral-01.azurewebsites.net/rss-updates - Status: 200, Time: 2470ms
2026-02-09 12:11:48,725 - INFO - Health check completed: 1/0 successful
2026-02-09 12:13:08,459 - INFO - Starting scheduler with 0h 2m (2 minutes) interval
2026-02-09 12:13:08,459 - INFO - Starting scheduled health check...
2026-02-09 12:13:11,463 - INFO - Found 1 records to check
2026-02-09 12:13:13,097 - INFO - Record 22: GET https://rss-feed-backend-e6gvd8bnfugscucb.canadacentral-01.azurewebsites.net/rss-updates - Status: 200, Time: 1633ms
2026-02-09 12:13:17,237 - INFO - Health check completed: 1/0 successful
2026-02-09 12:14:42,587 - INFO - Starting scheduler with 0h 2m (2 minutes) interval
2026-02-09 12:14:42,587 - INFO - Starting scheduled health check...
2026-02-09 12:14:45,634 - INFO - Found 1 records to check
2026-02-09 12:14:47,256 - INFO - Record 22: GET https://rss-feed-backend-e6gvd8bnfugscucb.canadacentral-01.azurewebsites.net/rss-updates - Status: 200, Time: 1608ms
2026-02-09 12:14:51,324 - INFO - Health check completed: 1/0 successful
2026-02-09 12:15:17,719 - INFO - Starting scheduler with 0h 2m (2 minutes) interval
2026-02-09 12:15:17,719 - INFO - Starting scheduled health check...
2026-02-09 12:15:20,718 - INFO - Found 1 records to check
2026-02-09 12:15:42,635 - INFO - Record 22: GET https://rss-feed-backend-e6gvd8bnfugscucb.canadacentral-01.azurewebsites.net/rss-updates - Status: 200, Time: 21915ms
2026-02-09 12:15:46,948 - INFO - Health check completed: 1/0 successful
2026-02-09 12:16:25,313 - INFO - Starting scheduler with 0h 2m (2 minutes) interval
2026-02-09 12:16:25,314 - INFO - Starting scheduled health check...
2026-02-09 12:16:28,399 - INFO - Found 1 records to check
2026-02-09 12:16:30,200 - INFO - Record 22: GET https://rss-feed-backend-e6gvd8bnfugscucb.canadacentral-01.azurewebsites.net/rss-updates - Status: 200, Time: 1801ms
2026-02-09 12:16:34,337 - INFO - Health check completed: 1/0 successful
2026-02-09 12:18:34,341 - INFO - Starting scheduled health check...
2026-02-09 12:18:37,266 - INFO - Found 1 records to check
2026-02-09 12:18:39,039 - INFO - Record 22: GET https://rss-feed-backend-e6gvd8bnfugscucb.canadacentral-01.azurewebsites.net/rss-updates - Status: 200, Time: 1774ms
2026-02-09 12:18:43,173 - INFO - Health check completed: 1/0 successful
2026-02-09 12:19:23,526 - INFO - Starting scheduler with 0h 2m (2 minutes) interval
2026-02-09 12:19:23,527 - INFO - Starting scheduled health check...
2026-02-09 12:19:26,456 - INFO - Found 1 records to check
2026-02-09 12:19:28,092 - INFO - Record 22: GET https://rss-feed-backend-e6gvd8bnfugscucb.canadacentral-01.azurewebsites.net/rss-updates - Status: 200, Time: 1635ms
2026-02-09 12:19:32,520 - INFO - Health check completed: 1/0 successful
2026-02-09 12:21:32,521 - INFO - Starting scheduled health check...
2026-02-09 12:21:35,442 - INFO - Found 1 records to check
2026-02-09 12:21:37,335 - INFO - Record 22: GET https://rss-feed-backend-e6gvd8bnfugscucb.canadacentral-01.azurewebsites.net/rss-updates - Status: 200, Time: 1891ms
2026-02-09 12:21:41,510 - INFO - Health check completed: 1/0 successful
2026-02-09 12:23:41,512 - INFO - Starting scheduled health check...
2026-02-09 12:23:44,440 - INFO - Found 1 records to check
2026-02-09 12:23:46,166 - INFO - Record 22: GET https://rss-feed-backend-e6gvd8bnfugscucb.canadacentral-01.azurewebsites.net/rss-updates - Status: 200, Time: 1726ms
2026-02-09 12:23:50,882 - INFO - Health check completed: 1/0 successful
2026-02-09 12:25:50,883 - INFO - Starting scheduled health check...
2026-02-09 12:25:53,815 - INFO - Found 1 records to check
2026-02-09 12:25:55,757 - INFO - Record 22: GET https://rss-feed-backend-e6gvd8bnfugscucb.canadacentral-01.azurewebsites.net/rss-updates - Status: 200, Time: 1941ms
2026-02-09 12:26:00,419 - INFO - Health check completed: 1/0 successful
2026-02-09 12:28:00,420 - INFO - Starting scheduled health check...
2026-02-09 12:28:03,488 - INFO - Found 1 records to check
2026-02-09 12:28:05,162 - INFO - Record 22: GET https://rss-feed-backend-e6gvd8bnfugscucb.canadacentral-01.azurewebsites.net/rss-updates - Status: 200, Time: 1674ms
2026-02-09 12:28:09,648 - INFO - Health check completed: 1/0 successful
2026-02-09 12:30:09,649 - INFO - Starting scheduled health check...
2026-02-09 12:30:12,640 - INFO - Found 1 records to check
2026-02-09 12:30:14,336 - INFO - Record 22: GET https://rss-feed-backend-e6gvd8bnfugscucb.canadacentral-01.azurewebsites.net/rss-updates - Status: 200, Time: 1696ms
2026-02-09 12:30:18,768 - INFO - Health check completed: 1/0 successful
2026-02-09 14:49:48,159 - INFO - Starting scheduler with 0h 2m (2 minutes) interval
2026-02-09 14:49:48,159 - INFO - Starting scheduled health check...
2026-02-09 14:49:52,020 - INFO - Found 1 records to check
2026-02-09 14:49:54,745 - INFO - Record 22: GET https://rss-feed-backend-e6gvd8bnfugscucb.canadacentral-01.azurewebsites.net/rss-updates - Status: 200, Time: 2708ms
2026-02-09 14:49:59,712 - INFO - Health check completed: 1/0 successful
2026-02-09 14:51:59,717 - INFO - Starting scheduled health check...
2026-02-09 14:52:03,039 - INFO - Found 1 records to check
2026-02-09 14:52:06,508 - INFO - Record 22: GET https://rss-feed-backend-e6gvd8bnfugscucb.canadacentral-01.azurewebsites.net/rss-updates - Status: 200, Time: 3456ms
2026-02-09 14:52:12,708 - INFO - Health check completed: 1/0 successful
2026-02-09 14:54:12,712 - INFO - Starting scheduled health check...
2026-02-09 14:54:16,300 - INFO - Found 1 records to check
2026-02-09 14:54:19,718 - INFO - Record 22: GET https://rss-feed-backend-e6gvd8bnfugscucb.canadacentral-01.azurewebsites.net/rss-updates - Status: 200, Time: 3410ms
2026-02-09 14:54:25,944 - INFO - Health check completed: 1/0 successful
2026-02-09 14:56:25,956 - INFO - Starting scheduled health check...
2026-02-09 14:56:29,663 - INFO - Found 1 records to check
2026-02-09 14:56:32,993 - INFO - Record 22: GET https://rss-feed-backend-e6gvd8bnfugscucb.canadacentral-01.azurewebsites.net/rss-updates - Status: 200, Time: 3328ms
2026-02-09 14:56:38,808 - INFO - Health check completed: 1/0 successful
2026-02-09 14:58:38,813 - INFO - Starting scheduled health check...
2026-02-09 14:58:42,208 - INFO - Found 2 records to check
2026-02-09 14:58:44,542 - INFO - Record 23: GET https://guidewire-claims-fnfbp39dv-shashanks-projects-f8c116c2.vercel.app/get_records - Status: 200, Time: 2334ms
2026-02-09 14:58:53,737 - INFO - Record 22: GET https://rss-feed-backend-e6gvd8bnfugscucb.canadacentral-01.azurewebsites.net/rss-updates - Status: 200, Time: 3177ms
2026-02-09 14:58:59,984 - INFO - Health check completed: 2/0 successful
2026-02-09 15:00:59,987 - INFO - Starting scheduled health check...
2026-02-09 15:01:03,673 - INFO - Found 2 records to check
2026-02-09 15:01:06,059 - INFO - Record 23: GET https://guidewire-claims-fnfbp39dv-shashanks-projects-f8c116c2.vercel.app/get_records - Status: 200, Time: 2370ms
2026-02-09 15:01:15,176 - INFO - Record 22: GET https://rss-feed-backend-e6gvd8bnfugscucb.canadacentral-01.azurewebsites.net/rss-updates - Status: 200, Time: 3397ms
2026-02-09 15:01:21,815 - INFO - Health check completed: 2/0 successful
2026-02-09 15:03:56,649 - INFO - Starting scheduled health check...
2026-02-09 15:03:56,815 - INFO - No records found in database
2026-02-10 14:58:59,940 - INFO - Starting scheduler with 0h 2m (2 minutes) interval
2026-02-10 14:58:59,940 - INFO - Starting scheduled health check...
2026-02-10 14:59:07,665 - INFO - Found 2 records to check
2026-02-10 14:59:24,869 - INFO - Record 27: GET https://rss-feed-backend-e6gvd8bnfugscucb.canadacentral-01.azurewebsites.net/rss-updates - Status: 200, Time: 17193ms
2026-02-10 14:59:31,525 - INFO - Record 26: GET https://guidewire-claims.vercel.app/get_records - Status: 200, Time: 945ms
2026-02-10 14:59:35,718 - INFO - Health check completed: 2/0 successful
2026-02-10 15:01:35,738 - INFO - Starting scheduled health check...
2026-02-10 15:01:39,129 - INFO - Found 2 records to check
2026-02-10 15:01:42,436 - INFO - Record 27: GET https://rss-feed-backend-e6gvd8bnfugscucb.canadacentral-01.azurewebsites.net/rss-updates - Status: 200, Time: 3306ms
2026-02-10 15:01:49,105 - INFO - Record 26: GET https://guidewire-claims.vercel.app/get_records - Status: 200, Time: 1580ms
2026-02-10 15:01:53,467 - INFO - Health check completed: 2/0 successful
2026-02-10 15:02:29,571 - INFO - Starting scheduler with 0h 2m (2 minutes) interval
2026-02-10 15:02:29,571 - INFO - Starting scheduled health check...
2026-02-10 15:02:33,302 - INFO - Found 2 records to check
2026-02-10 15:02:35,054 - INFO - Record 27: GET https://rss-feed-backend-e6gvd8bnfugscucb.canadacentral-01.azurewebsites.net/rss-updates - Status: 200, Time: 1752ms
2026-02-10 15:02:35,055 - ERROR - Record 27: Unexpected error - name 'mock_url_path' is not defined
2026-02-10 15:02:38,838 - INFO - Record 26: GET https://guidewire-claims.vercel.app/get_records - Status: 200, Time: 1034ms
2026-02-10 15:02:38,838 - ERROR - Record 26: Unexpected error - name 'mock_url_path' is not defined
2026-02-10 15:02:42,109 - INFO - Health check completed: 0/0 successful
2026-02-10 15:04:42,130 - INFO - Starting scheduled health check...
2026-02-10 15:04:46,352 - INFO - Found 2 records to check
2026-02-10 15:04:50,032 - INFO - Record 27: GET https://rss-feed-backend-e6gvd8bnfugscucb.canadacentral-01.azurewebsites.net/rss-updates - Status: 200, Time: 3680ms
2026-02-10 15:04:50,036 - ERROR - Record 27: Unexpected error - name 'mock_url_path' is not defined
2026-02-10 15:04:55,357 - INFO - Record 26: GET https://guidewire-claims.vercel.app/get_records - Status: 200, Time: 2357ms
2026-02-10 15:04:55,359 - ERROR - Record 26: Unexpected error - name 'mock_url_path' is not defined
2026-02-10 15:04:58,302 - INFO - Health check completed: 0/0 successful
2026-02-10 15:06:58,320 - INFO - Starting scheduled health check...
2026-02-10 15:07:02,038 - INFO - Found 2 records to check
2026-02-10 15:07:05,524 - INFO - Record 27: GET https://rss-feed-backend-e6gvd8bnfugscucb.canadacentral-01.azurewebsites.net/rss-updates - Status: 200, Time: 3480ms
2026-02-10 15:07:05,524 - ERROR - Record 27: Unexpected error - name 'mock_url_path' is not defined
2026-02-10 15:07:11,461 - INFO - Record 26: GET https://guidewire-claims.vercel.app/get_records - Status: 200, Time: 2433ms
2026-02-10 15:07:11,461 - ERROR - Record 26: Unexpected error - name 'mock_url_path' is not defined
2026-02-10 15:07:14,641 - INFO - Health check completed: 0/0 successful
2026-02-10 15:09:14,660 - INFO - Starting scheduled health check...
2026-02-10 15:09:18,388 - INFO - Found 2 records to check
2026-02-10 15:09:20,951 - INFO - Record 27: GET https://rss-feed-backend-e6gvd8bnfugscucb.canadacentral-01.azurewebsites.net/rss-updates - Status: 200, Time: 2564ms
2026-02-10 15:09:20,952 - ERROR - Record 27: Unexpected error - name 'mock_url_path' is not defined
2026-02-10 15:09:26,071 - INFO - Record 26: GET https://guidewire-claims.vercel.app/get_records - Status: 200, Time: 1341ms
2026-02-10 15:09:26,071 - ERROR - Record 26: Unexpected error - name 'mock_url_path' is not defined
2026-02-10 15:09:29,656 - INFO - Health check completed: 0/0 successful
2026-02-10 15:11:29,675 - INFO - Starting scheduled health check...
2026-02-10 15:11:32,777 - INFO - Found 2 records to check
2026-02-10 15:11:36,002 - INFO - Record 27: GET https://rss-feed-backend-e6gvd8bnfugscucb.canadacentral-01.azurewebsites.net/rss-updates - Status: 200, Time: 3223ms
2026-02-10 15:11:36,002 - ERROR - Record 27: Unexpected error - name 'mock_url_path' is not defined
2026-02-10 15:11:41,634 - INFO - Record 26: GET https://guidewire-claims.vercel.app/get_records - Status: 200, Time: 2460ms
2026-02-10 15:11:41,634 - ERROR - Record 26: Unexpected error - name 'mock_url_path' is not defined
2026-02-10 15:11:44,722 - INFO - Health check completed: 0/0 successful
2026-02-10 15:13:44,738 - INFO - Starting scheduled health check...
2026-02-10 15:13:47,390 - INFO - Found 1 records to check
2026-02-10 15:13:49,655 - INFO - Record 28: GET https://guidewire-claims.vercel.app/get_records - Status: 200, Time: 2265ms
2026-02-10 15:13:49,658 - ERROR - Record 28: Unexpected error - name 'mock_url_path' is not defined
2026-02-10 15:13:52,623 - INFO - Health check completed: 0/0 successful
2026-02-10 15:17:52,906 - INFO - Starting scheduler with 0h 2m (2 minutes) interval
2026-02-10 15:17:52,906 - INFO - Starting scheduled health check...
2026-02-10 15:17:55,653 - INFO - Found 1 records to check
2026-02-10 15:17:57,194 - INFO - Record 28: GET https://guidewire-claims.vercel.app/get_records - Status: 200, Time: 1541ms
2026-02-10 15:17:57,194 - ERROR - Record 28: Unexpected error - name 'mock_url_path' is not defined
2026-02-10 15:18:00,058 - INFO - Health check completed: 0/0 successful
2026-02-10 15:19:20,969 - INFO - Starting scheduler with 0h 2m (2 minutes) interval
2026-02-10 15:19:20,969 - INFO - Starting scheduled health check...
2026-02-10 15:19:23,583 - INFO - Found 1 records to check
2026-02-10 15:19:24,910 - INFO - Record 28: GET https://guidewire-claims.vercel.app/get_records - Status: 200, Time: 1327ms
2026-02-10 15:19:30,380 - INFO - Health check completed: 1/0 successful
2026-02-10 15:21:30,409 - INFO - Starting scheduled health check...
2026-02-10 15:21:33,382 - INFO - Found 1 records to check
2026-02-10 15:21:36,010 - INFO - Record 28: GET https://guidewire-claims.vercel.app/get_records - Status: 200, Time: 2624ms
2026-02-10 15:21:41,680 - INFO - Health check completed: 1/0 successful
2026-02-13 14:17:08,725 - INFO - Starting scheduler with 0h 2m (2 minutes) interval
2026-02-13 14:17:08,727 - INFO - Starting scheduled health check...
2026-02-13 14:17:11,308 - INFO - Found 1 records to check
2026-02-13 14:17:11,308 - ERROR - Scheduler error: tuple indices must be integers or slices, not str
2026-02-13 14:19:38,986 - INFO - Starting scheduler with 0h 2m (2 minutes) interval
2026-02-13 14:19:38,986 - INFO - Starting scheduled health check...
2026-02-13 14:19:41,910 - INFO - Found 1 records to check
2026-02-13 14:19:45,010 - INFO - Record 32: GET https://guidewire-claims.vercel.app/get_records - Status: 200, Time: 3098ms
2026-02-13 14:19:49,795 - INFO - Health check completed: 1/0 successful
2026-02-13 17:52:40,517 - INFO - Starting scheduler with 0h 2m (2 minutes) interval
2026-02-13 17:52:40,530 - INFO - Starting scheduled health check...
2026-02-13 17:52:43,088 - INFO - Found 1 records to check
2026-02-13 17:52:44,512 - INFO - Record 41: GET https://guidewire-claims.vercel.app/claim_numbers - Status: 200, Time: 1421ms
2026-02-13 17:52:49,125 - INFO - Health check completed: 1 successful
2026-02-13 17:54:49,112 - INFO - Starting scheduled health check...
2026-02-13 17:54:51,783 - INFO - No records found in database
2026-02-13 17:57:51,767 - INFO - Starting scheduled health check...
2026-02-13 17:57:54,452 - INFO - No records found in database
2026-02-13 18:00:54,441 - INFO - Starting scheduled health check...
2026-02-13 18:00:56,954 - INFO - No records found in database
2026-02-13 18:03:56,939 - INFO - Starting scheduled health check...
2026-02-13 18:03:59,372 - INFO - No records found in database
2026-02-13 18:06:59,360 - INFO - Starting scheduled health check...
2026-02-13 18:07:02,027 - INFO - No records found in database
2026-02-13 18:10:02,029 - INFO - Starting scheduled health check...
2026-02-13 18:10:04,687 - INFO - No records found in database
2026-02-13 18:13:04,681 - INFO - Starting scheduled health check...
2026-02-13 18:13:07,161 - INFO - Found 1 records to check
2026-02-13 18:13:09,443 - INFO - Record 42: GET https://guidewire-claims.vercel.app/get_records - Status: 200, Time: 2271ms
2026-02-13 18:13:14,941 - INFO - Health check completed: 1 successful
2026-02-13 18:16:14,943 - INFO - Starting scheduled health check...
2026-02-13 18:16:17,518 - INFO - Found 1 records to check
2026-02-13 18:16:19,869 - INFO - Record 42: GET https://guidewire-claims.vercel.app/get_records - Status: 200, Time: 2349ms
2026-02-13 18:16:25,294 - INFO - Health check completed: 1 successful
2026-02-13 18:18:25,298 - INFO - Starting scheduled health check...
2026-02-13 18:18:27,985 - INFO - Found 1 records to check
2026-02-13 18:18:30,234 - INFO - Record 42: GET https://guidewire-claims.vercel.app/get_records - Status: 200, Time: 2248ms
2026-02-13 18:18:35,846 - INFO - Health check completed: 1 successful
2026-02-13 18:22:59,289 - INFO - Starting scheduled health check...
2026-02-13 18:23:03,200 - INFO - Found 1 records to check
2026-02-13 18:23:05,990 - INFO - Record 42: GET https://guidewire-claims.vercel.app/get_records - Status: 200, Time: 2790ms
2026-02-13 18:23:11,326 - INFO - Health check completed: 1 successful
2026-02-13 18:26:21,033 - INFO - Starting scheduled health check...
2026-02-13 18:26:23,687 - INFO - No records found in database
2026-02-13 18:28:23,699 - INFO - Starting scheduled health check...
2026-02-13 18:28:26,576 - INFO - No records found in database
2026-02-13 18:30:26,595 - INFO - Starting scheduled health check...
2026-02-13 18:30:29,150 - INFO - No records found in database
2026-02-13 18:32:29,160 - INFO - Starting scheduled health check...
2026-02-13 18:32:31,539 - INFO - No records found in database
2026-02-13 18:34:31,548 - INFO - Starting scheduled health check...
2026-02-13 18:34:34,052 - INFO - No records found in database
2026-02-13 18:36:34,060 - INFO - Starting scheduled health check...
2026-02-13 18:36:36,519 - INFO - Found 1 records to check
2026-02-13 18:36:38,989 - INFO - Record 43: GET https://guidewire-claims.vercel.app/get_records - Status: 200, Time: 2469ms
2026-02-13 18:36:44,321 - INFO - Health check completed: 1 successful
2026-02-13 18:38:44,329 - INFO - Starting scheduled health check...
2026-02-13 18:38:46,734 - INFO - Found 1 records to check
2026-02-13 18:38:49,235 - INFO - Record 43: GET https://guidewire-claims.vercel.app/get_records - Status: 200, Time: 2499ms
2026-02-13 18:38:54,618 - INFO - Health check completed: 1 successful
2026-02-13 18:40:54,626 - INFO - Starting scheduled health check...
2026-02-13 18:40:57,052 - INFO - Found 1 records to check
2026-02-13 18:40:59,373 - INFO - Record 43: GET https://guidewire-claims.vercel.app/get_records - Status: 200, Time: 2320ms
2026-02-13 18:41:04,723 - INFO - Health check completed: 1 successful
2026-02-13 18:43:04,730 - INFO - Starting scheduled health check...
2026-02-13 18:43:07,057 - INFO - Found 1 records to check
2026-02-13 18:43:09,389 - INFO - Record 43: GET https://guidewire-claims.vercel.app/get_records - Status: 200, Time: 2330ms
2026-02-13 18:43:14,648 - INFO - Health check completed: 1 successful
2026-02-13 18:45:14,654 - INFO - Starting scheduled health check...
2026-02-13 18:45:17,091 - INFO - Found 1 records to check
2026-02-13 18:45:19,484 - INFO - Record 43: GET https://guidewire-claims.vercel.app/get_records - Status: 200, Time: 2393ms
2026-02-13 18:45:24,951 - INFO - Health check completed: 1 successful
2026-02-13 18:46:14,411 - INFO - Starting scheduler with 0h 2m (2 minutes) interval
2026-02-13 18:46:14,413 - INFO - Starting scheduled health check...
2026-02-13 18:46:16,724 - INFO - Found 1 records to check
2026-02-13 18:46:18,385 - INFO - Record 43: GET https://guidewire-claims.vercel.app/get_records - Status: 200, Time: 1660ms
2026-02-13 18:46:22,711 - INFO - Health check completed: 1 successful
2026-02-13 18:48:22,717 - INFO - Starting scheduled health check...
2026-02-13 18:48:25,045 - INFO - No records found in database
2026-02-13 18:50:25,053 - INFO - Starting scheduled health check...
2026-02-13 18:50:27,512 - INFO - No records found in database
2026-02-13 18:52:27,521 - INFO - Starting scheduled health check...
2026-02-13 18:52:29,907 - INFO - Found 1 records to check
2026-02-13 18:52:32,455 - INFO - Record 44: GET https://guidewire-claims.vercel.app/claim/CLM-2025-00123456 - Status: 200, Time: 2547ms
2026-02-13 18:52:37,749 - INFO - Health check completed: 1 successful
2026-02-13 18:54:37,755 - INFO - Starting scheduled health check...
2026-02-13 18:54:40,130 - INFO - Found 1 records to check
2026-02-13 18:54:42,510 - INFO - Record 44: GET https://guidewire-claims.vercel.app/claim/CLM-2025-00123456 - Status: 200, Time: 2378ms
2026-02-13 18:54:47,820 - INFO - Health check completed: 1 successful
2026-02-13 18:56:47,828 - INFO - Starting scheduled health check...
2026-02-13 18:56:50,353 - INFO - Found 1 records to check
2026-02-13 18:56:52,853 - INFO - Record 44: GET https://guidewire-claims.vercel.app/claim/CLM-2025-00123456 - Status: 200, Time: 2500ms
2026-02-13 18:56:58,296 - INFO - Health check completed: 1 successful
2026-02-13 18:58:58,302 - INFO - Starting scheduled health check...
2026-02-13 18:59:00,717 - INFO - Found 1 records to check
2026-02-13 18:59:03,317 - INFO - Record 44: GET https://guidewire-claims.vercel.app/claim/CLM-2025-00123456 - Status: 200, Time: 2598ms
2026-02-13 18:59:08,837 - INFO - Health check completed: 1 successful
2026-02-13 19:01:08,842 - INFO - Starting scheduled health check...
2026-02-13 19:01:11,143 - INFO - Found 1 records to check
2026-02-13 19:01:12,763 - INFO - Record 44: GET https://guidewire-claims.vercel.app/claim/CLM-2025-00123456 - Status: 200, Time: 1619ms
2026-02-13 19:01:17,175 - INFO - Health check completed: 1 successful
2026-02-13 19:03:17,179 - INFO - Starting scheduled health check...
2026-02-13 19:03:19,714 - INFO - Found 1 records to check
2026-02-13 19:03:21,415 - INFO - Record 44: GET https://guidewire-claims.vercel.app/claim/CLM-2025-00123456 - Status: 200, Time: 1697ms
2026-02-13 19:03:26,020 - INFO - Health check completed: 1 successful
2026-02-13 19:05:26,028 - INFO - Starting scheduled health check...
2026-02-13 19:05:28,357 - INFO - Found 1 records to check
2026-02-13 19:05:30,868 - INFO - Record 44: GET https://guidewire-claims.vercel.app/claim/CLM-2025-00123456 - Status: 200, Time: 2508ms
2026-02-13 19:05:36,232 - INFO - Health check completed: 1 successful
2026-02-13 19:07:36,238 - INFO - Starting scheduled health check...
2026-02-13 19:07:38,539 - INFO - Found 1 records to check
2026-02-13 19:07:40,952 - INFO - Record 44: GET https://guidewire-claims.vercel.app/claim/CLM-2025-00123456 - Status: 200, Time: 2412ms
2026-02-13 19:07:46,212 - INFO - Health check completed: 1 successful
2026-02-13 19:09:46,217 - INFO - Starting scheduled health check...
2026-02-13 19:09:48,537 - INFO - Found 1 records to check
2026-02-13 19:09:50,903 - INFO - Record 44: GET https://guidewire-claims.vercel.app/claim/CLM-2025-00123456 - Status: 200, Time: 2365ms
2026-02-13 19:09:56,178 - INFO - Health check completed: 1 successful
2026-02-13 19:11:56,184 - INFO - Starting scheduled health check...
2026-02-13 19:11:58,575 - INFO - Found 1 records to check
2026-02-13 19:12:01,023 - INFO - Record 44: GET https://guidewire-claims.vercel.app/claim/CLM-2025-00123456 - Status: 200, Time: 2445ms
2026-02-13 19:12:06,377 - INFO - Health check completed: 1 successful
2026-02-13 19:14:06,385 - INFO - Starting scheduled health check...
2026-02-13 19:14:08,802 - INFO - Found 1 records to check
2026-02-16 12:30:58,368 - INFO - Starting scheduler with 0h 2m (2 minutes) interval
2026-02-16 12:30:58,368 - INFO - Starting scheduled health check...
2026-02-16 12:31:00,771 - INFO - Found 1 records to check
2026-02-16 12:31:00,771 - ERROR - Record 1: Unexpected error - the JSON object must be str, bytes or bytearray, not list
2026-02-16 12:31:00,771 - ERROR - Scheduler error: name 'update_wiremock_data' is not defined
2026-02-16 12:35:14,795 - INFO - Starting scheduler with 0h 2m (2 minutes) interval
2026-02-16 12:35:14,795 - INFO - Starting scheduled health check...
2026-02-16 12:35:17,145 - INFO - Found 1 records to check
2026-02-16 12:35:17,145 - ERROR - Record 1: Unexpected error - the JSON object must be str, bytes or bytearray, not list
2026-02-16 12:35:17,145 - ERROR - Scheduler error: name 'update_wiremock_data' is not defined
2026-02-16 12:36:06,549 - INFO - Starting scheduler with 0h 2m (2 minutes) interval
2026-02-16 12:36:06,549 - INFO - Starting scheduled health check...
2026-02-16 12:36:08,870 - INFO - Found 1 records to check
2026-02-16 12:36:08,870 - ERROR - Record 1: Unexpected error - the JSON object must be str, bytes or bytearray, not list
2026-02-16 12:36:08,870 - INFO - Health check completed: 0 successful
2026-02-16 12:38:08,896 - INFO - Starting scheduled health check...
2026-02-16 12:38:11,168 - INFO - Found 1 records to check
2026-02-16 12:38:11,169 - ERROR - Record 1: Unexpected error - the JSON object must be str, bytes or bytearray, not list
2026-02-16 12:38:11,169 - INFO - Health check completed: 0 successful
2026-02-16 12:38:47,132 - INFO - Starting scheduler with 0h 2m (2 minutes) interval
2026-02-16 12:38:47,133 - INFO - Starting scheduled health check...
2026-02-16 12:38:49,370 - INFO - Found 1 records to check
2026-02-16 12:38:52,251 - INFO - Record 1: GET https://guidewire-claims.vercel.app/claim_numbers - Status: 200, Time: 2880ms
2026-02-16 12:38:54,820 - INFO - Health check completed: 1/1 successful
2026-02-16 12:40:54,840 - INFO - Starting scheduled health check...
2026-02-16 12:40:57,188 - INFO - Found 1 records to check
2026-02-16 12:41:00,783 - INFO - Record 1: GET https://guidewire-claims.vercel.app/claim_numbers - Status: 200, Time: 3595ms
2026-02-16 12:41:03,400 - INFO - Health check completed: 1/1 successful
2026-02-16 12:43:03,422 - INFO - Starting scheduled health check...
2026-02-16 12:43:05,759 - INFO - Found 1 records to check
2026-02-16 12:43:07,559 - INFO - Record 1: GET https://guidewire-claims.vercel.app/claim_numbers - Status: 200, Time: 1800ms
2026-02-16 12:43:10,208 - INFO - Health check completed: 1/1 successful
2026-02-16 12:45:08,124 - INFO - Starting scheduler with 0h 2m (2 minutes) interval
2026-02-16 12:45:08,124 - INFO - Starting scheduled health check...
2026-02-16 12:45:10,788 - INFO - Found 1 records to check
2026-02-16 12:45:12,426 - INFO - Record 1: GET https://guidewire-claims.vercel.app/claim_numbers - Status: 200, Time: 1637ms
2026-02-16 12:45:15,290 - INFO - Health check completed: 1/1 successful
2026-02-16 12:47:15,311 - INFO - Starting scheduled health check...
2026-02-16 12:47:18,700 - INFO - Found 1 records to check
2026-02-16 12:47:21,262 - INFO - Record 1: GET https://guidewire-claims.vercel.app/claim_numbers - Status: 200, Time: 2562ms
2026-02-16 12:47:24,235 - INFO - Health check completed: 1/1 successful
2026-02-16 12:49:24,253 - INFO - Starting scheduled health check...
2026-02-16 12:49:26,932 - INFO - Found 1 records to check
2026-02-16 12:49:28,170 - INFO - Record 1: GET https://guidewire-claims.vercel.app/claim_numbers - Status: 200, Time: 1239ms
2026-02-16 12:49:31,333 - INFO - Health check completed: 1/1 successful
2026-02-16 12:51:31,351 - INFO - Starting scheduled health check...
2026-02-16 12:51:34,123 - INFO - Found 1 records to check
2026-02-16 12:51:35,554 - INFO - Record 1: GET https://guidewire-claims.vercel.app/claim_numbers - Status: 200, Time: 1429ms
2026-02-16 12:51:38,427 - INFO - Health check completed: 1/1 successful
2026-02-16 12:53:38,446 - INFO - Starting scheduled health check...
2026-02-16 12:53:41,560 - INFO - Found 1 records to check
2026-02-16 12:53:42,891 - INFO - Record 1: GET https://guidewire-claims.vercel.app/claim_numbers - Status: 200, Time: 1331ms
2026-02-16 12:53:46,172 - INFO - Health check completed: 1/1 successful
2026-02-16 12:55:46,190 - INFO - Starting scheduled health check...
2026-02-16 12:55:48,730 - INFO - Found 1 records to check
2026-02-16 12:55:50,979 - INFO - Record 1: GET https://guidewire-claims.vercel.app/claim_numbers - Status: 200, Time: 2248ms
2026-02-16 12:55:53,852 - INFO - Health check completed: 1/1 successful
2026-02-16 12:57:53,869 - INFO - Starting scheduled health check...
2026-02-16 12:57:56,541 - INFO - Found 1 records to check
2026-02-16 12:57:57,773 - INFO - Record 1: GET https://guidewire-claims.vercel.app/claim_numbers - Status: 200, Time: 1231ms
2026-02-16 12:58:00,845 - INFO - Health check completed: 1/1 successful
2026-02-16 13:00:00,865 - INFO - Starting scheduled health check...
2026-02-16 13:00:03,641 - INFO - Found 1 records to check
2026-02-16 13:00:05,483 - INFO - Record 1: GET https://guidewire-claims.vercel.app/claim_numbers - Status: 200, Time: 1838ms
2026-02-16 13:00:08,360 - INFO - Health check completed: 1/1 successful
2026-02-16 13:02:08,381 - INFO - Starting scheduled health check...
2026-02-16 13:02:11,005 - INFO - Found 1 records to check
2026-02-16 13:02:13,607 - INFO - Record 1: GET https://guidewire-claims.vercel.app/claim_numbers - Status: 200, Time: 2586ms
2026-02-16 13:02:17,000 - INFO - Health check completed: 1/1 successful
2026-02-16 13:04:17,016 - INFO - Starting scheduled health check...
2026-02-16 13:04:19,574 - INFO - Found 1 records to check
2026-02-16 13:04:22,194 - INFO - Record 1: GET https://guidewire-claims.vercel.app/claim_numbers - Status: 200, Time: 2620ms
2026-02-16 13:04:25,097 - INFO - Health check completed: 1/1 successful
2026-02-16 13:06:25,115 - INFO - Starting scheduled health check...
2026-02-16 13:06:27,694 - INFO - Found 1 records to check
2026-02-16 13:06:30,239 - INFO - Record 1: GET https://guidewire-claims.vercel.app/claim_numbers - Status: 200, Time: 2545ms
2026-02-16 13:06:33,134 - INFO - Health check completed: 1/1 successful
2026-02-16 14:19:31,333 - INFO - Starting scheduled health check...
2026-02-16 14:19:34,013 - INFO - Found 1 records to check
2026-02-16 14:19:37,868 - INFO - Record 1: GET https://guidewire-claims.vercel.app/claim_numbers - Status: 200, Time: 3853ms
2026-02-16 14:19:40,976 - INFO - Health check completed: 1/1 successful
